TN:
SF:src/App.css
FNF:0
FNH:0
LF:0
LH:0
BRF:0
BRH:0
end_of_record
TN:
SF:src/App.tsx
FN:8,App
FN:11,(anonymous_1)
FN:19,(anonymous_2)
FN:26,(anonymous_3)
FN:29,(anonymous_4)
FNF:5
FNH:5
FNDA:3,App
FNDA:1,(anonymous_1)
FNDA:1,(anonymous_2)
FNDA:1,(anonymous_3)
FNDA:1,(anonymous_4)
DA:9,3
DA:11,3
DA:12,1
DA:13,1
DA:14,1
DA:15,1
DA:16,1
DA:19,3
DA:20,1
DA:23,3
DA:27,1
DA:29,1
LF:12
LH:12
BRF:0
BRH:0
end_of_record
TN:
SF:src/assets/novamusequotes.png
FNF:0
FNH:0
LF:0
LH:0
BRF:0
BRH:0
end_of_record
TN:
SF:src/components/Header.tsx
FN:10,Header
FN:19,(anonymous_1)
FNF:2
FNH:2
FNDA:8,Header
FNDA:2,(anonymous_1)
DA:14,8
DA:15,8
DA:16,8
DA:17,8
DA:19,8
DA:20,2
DA:21,1
DA:23,1
DA:26,8
LF:9
LH:9
BRDA:20,0,0,1
BRDA:20,0,1,1
BRDA:47,1,0,3
BRDA:47,1,1,5
BRF:4
BRH:4
end_of_record
TN:
SF:src/components/Search.tsx
FN:7,(anonymous_0)
FN:19,(anonymous_1)
FN:20,(anonymous_2)
FN:41,(anonymous_3)
FN:47,(anonymous_4)
FN:72,(anonymous_5)
FN:75,(anonymous_6)
FN:84,(anonymous_7)
FN:90,(anonymous_8)
FN:102,(anonymous_9)
FN:108,(anonymous_10)
FN:126,(anonymous_11)
FNF:12
FNH:12
FNDA:49,(anonymous_0)
FNDA:10,(anonymous_1)
FNDA:10,(anonymous_2)
FNDA:17,(anonymous_3)
FNDA:6,(anonymous_4)
FNDA:1,(anonymous_5)
FNDA:1,(anonymous_6)
FNDA:6,(anonymous_7)
FNDA:87,(anonymous_8)
FNDA:1,(anonymous_9)
FNDA:87,(anonymous_10)
FNDA:10,(anonymous_11)
DA:7,1
DA:8,49
DA:9,49
DA:11,49
DA:12,49
DA:14,49
DA:15,49
DA:16,49
DA:19,49
DA:20,10
DA:21,10
DA:22,10
DA:27,9
DA:28,9
DA:30,9
DA:31,10
DA:33,1
DA:37,10
DA:41,49
DA:42,17
DA:43,11
DA:44,11
DA:47,6
DA:48,6
DA:49,6
DA:50,6
DA:51,6
DA:52,6
DA:53,6
DA:55,6
DA:56,5
DA:57,5
DA:59,1
DA:60,1
DA:62,6
DA:66,6
DA:69,49
DA:73,1
DA:75,1
DA:84,6
DA:90,87
DA:102,1
DA:108,87
DA:126,10
LF:44
LH:44
BRDA:30,0,0,9
BRDA:30,0,1,0
BRDA:31,1,0,10
BRDA:31,1,1,0
BRDA:42,2,0,11
BRDA:42,2,1,6
BRDA:42,3,0,17
BRDA:42,3,1,12
BRDA:51,4,0,5
BRDA:51,4,1,1
BRDA:52,5,0,1
BRDA:52,5,1,5
BRDA:57,6,0,5
BRDA:57,6,1,0
BRDA:118,7,0,49
BRDA:118,7,1,6
BRDA:119,8,0,49
BRDA:119,8,1,43
BRDA:119,8,2,38
BRDA:119,8,3,31
BRDA:119,8,4,8
BRDA:124,9,0,49
BRDA:124,9,1,43
BRDA:124,9,2,5
BRDA:132,10,0,10
BRDA:132,10,1,0
BRDA:132,10,2,10
BRDA:134,11,0,10
BRDA:134,11,1,10
BRDA:135,12,0,10
BRDA:135,12,1,10
BRDA:135,12,2,10
BRDA:136,13,0,10
BRDA:136,13,1,10
BRDA:137,14,0,10
BRDA:137,14,1,10
BRF:36
BRH:32
end_of_record
