TN:
SF:src/App.css
FNF:0
FNH:0
LF:0
LH:0
BRF:0
BRH:0
end_of_record
TN:
SF:src/App.tsx
FN:8,App
FN:11,(anonymous_1)
FN:19,(anonymous_2)
FN:26,(anonymous_3)
FN:29,(anonymous_4)
FNF:5
FNH:5
FNDA:3,App
FNDA:1,(anonymous_1)
FNDA:1,(anonymous_2)
FNDA:1,(anonymous_3)
FNDA:1,(anonymous_4)
DA:9,3
DA:11,3
DA:12,1
DA:13,1
DA:14,1
DA:15,1
DA:16,1
DA:19,3
DA:20,1
DA:23,3
DA:27,1
DA:29,1
LF:12
LH:12
BRF:0
BRH:0
end_of_record
TN:
SF:src/assets/novamusequotes.png
FNF:0
FNH:0
LF:0
LH:0
BRF:0
BRH:0
end_of_record
TN:
SF:src/components/Header.tsx
FN:10,Header
FN:19,(anonymous_1)
FNF:2
FNH:2
FNDA:8,Header
FNDA:2,(anonymous_1)
DA:14,8
DA:15,8
DA:16,8
DA:17,8
DA:19,8
DA:20,2
DA:21,1
DA:23,1
DA:26,8
LF:9
LH:9
BRDA:20,0,0,1
BRDA:20,0,1,1
BRDA:47,1,0,3
BRDA:47,1,1,5
BRF:4
BRH:4
end_of_record
TN:
SF:src/components/Search.tsx
FN:7,(anonymous_0)
FN:19,(anonymous_1)
FN:20,(anonymous_2)
FN:41,(anonymous_3)
FN:47,(anonymous_4)
FN:72,(anonymous_5)
FN:75,(anonymous_6)
FN:84,(anonymous_7)
FN:90,(anonymous_8)
FN:102,(anonymous_9)
FN:108,(anonymous_10)
FN:126,(anonymous_11)
FNF:12
FNH:10
FNDA:44,(anonymous_0)
FNDA:8,(anonymous_1)
FNDA:8,(anonymous_2)
FNDA:15,(anonymous_3)
FNDA:6,(anonymous_4)
FNDA:0,(anonymous_5)
FNDA:0,(anonymous_6)
FNDA:6,(anonymous_7)
FNDA:84,(anonymous_8)
FNDA:1,(anonymous_9)
FNDA:84,(anonymous_10)
FNDA:10,(anonymous_11)
DA:7,1
DA:8,44
DA:9,44
DA:11,44
DA:12,44
DA:14,44
DA:15,44
DA:16,44
DA:19,44
DA:20,8
DA:21,8
DA:22,8
DA:27,8
DA:28,8
DA:30,8
DA:31,8
DA:33,0
DA:37,8
DA:41,44
DA:42,15
DA:43,9
DA:44,9
DA:47,6
DA:48,6
DA:49,6
DA:50,6
DA:51,6
DA:52,6
DA:53,6
DA:55,6
DA:56,5
DA:57,5
DA:59,1
DA:60,1
DA:62,6
DA:66,6
DA:69,44
DA:73,0
DA:75,0
DA:84,6
DA:90,84
DA:102,1
DA:108,84
DA:126,10
LF:44
LH:41
BRDA:30,0,0,8
BRDA:30,0,1,0
BRDA:31,1,0,8
BRDA:31,1,1,0
BRDA:42,2,0,9
BRDA:42,2,1,6
BRDA:42,3,0,15
BRDA:42,3,1,10
BRDA:51,4,0,5
BRDA:51,4,1,1
BRDA:52,5,0,1
BRDA:52,5,1,5
BRDA:57,6,0,5
BRDA:57,6,1,0
BRDA:118,7,0,44
BRDA:118,7,1,6
BRDA:119,8,0,44
BRDA:119,8,1,38
BRDA:119,8,2,33
BRDA:119,8,3,26
BRDA:119,8,4,8
BRDA:124,9,0,44
BRDA:124,9,1,38
BRDA:124,9,2,5
BRDA:132,10,0,10
BRDA:132,10,1,0
BRDA:132,10,2,10
BRDA:134,11,0,10
BRDA:134,11,1,10
BRDA:135,12,0,10
BRDA:135,12,1,10
BRDA:135,12,2,10
BRDA:136,13,0,10
BRDA:136,13,1,10
BRDA:137,14,0,10
BRDA:137,14,1,10
BRF:36
BRH:32
end_of_record
